<?xml version="1.0" encoding="UTF-8"?>
<beans xmlns="http://www.springframework.org/schema/beans"
    xmlns:xsi="http://www.w3.org/2001/XMLSchema-instance"
    xmlns:dubbo="http://code.alibabatech.com/schema/dubbo"
    xmlns:p="http://www.springframework.org/schema/p"
    xsi:schemaLocation="http://www.springframework.org/schema/beans
        http://www.springframework.org/schema/beans/spring-beans.xsd
        http://code.alibabatech.com/schema/dubbo
        http://code.alibabatech.com/schema/dubbo/dubbo.xsd
        ">
    <dubbo:application name="client" />
    <dubbo:registry address="zookeeper://192.168.1.251:2182" />
   
  	<dubbo:reference id="roomInfoService" interface="com.edianniu.pscp.cs.service.dubbo.RoomInfoService" 
  		timeout="120000" retries="1" version="1.0" check="false"/>
  	
  	<dubbo:reference id="powerInfoService" interface="com.edianniu.pscp.cs.service.dubbo.PowerInfoService" 
  		timeout="120000" retries="1" version="1.0" check="false"/>
  	
  	<dubbo:reference id="projectInfoService" interface="com.edianniu.pscp.cs.service.dubbo.ProjectInfoService" 
  		timeout="120000" retries="1" version="1.0" check="false"/>
  		
  		
</beans>