<?xml version="1.0" encoding="UTF-8"?>
<beans xmlns="http://www.springframework.org/schema/beans"
    xmlns:xsi="http://www.w3.org/2001/XMLSchema-instance"
    xmlns:dubbo="http://code.alibabatech.com/schema/dubbo"
    xmlns:p="http://www.springframework.org/schema/p"
    xsi:schemaLocation="http://www.springframework.org/schema/beans
        http://www.springframework.org/schema/beans/spring-beans.xsd
        http://code.alibabatech.com/schema/dubbo
        http://code.alibabatech.com/schema/dubbo/dubbo.xsd
        ">
    <dubbo:application name="client" />
    <dubbo:registry address="${dubbo.address}"/>
  	<dubbo:reference  id="needsDubboService" 
  	interface="com.edianniu.pscp.search.dubbo.NeedsDubboService" 
  	timeout="120000" retries="1" version="1.0" check="false"/>
  	
  	<dubbo:reference  id="reportProduceDubboService" 
  	interface="com.edianniu.pscp.search.dubbo.ReportProduceDubboService" 
  	timeout="120000" retries="1" version="1.0" check="false"/>
  	
  	<dubbo:reference  id="reportSearchDubboService" 
  	interface="com.edianniu.pscp.search.dubbo.ReportSearchDubboService" 
  	timeout="120000" retries="1" version="1.0" check="false"/>
  	
</beans>