<?xml version="1.0" encoding="UTF-8"?>
<beans xmlns="http://www.springframework.org/schema/beans"
    xmlns:xsi="http://www.w3.org/2001/XMLSchema-instance"
    xmlns:dubbo="http://code.alibabatech.com/schema/dubbo"
    xmlns:p="http://www.springframework.org/schema/p"
    xsi:schemaLocation="http://www.springframework.org/schema/beans
        http://www.springframework.org/schema/beans/spring-beans.xsd
        http://code.alibabatech.com/schema/dubbo
        http://code.alibabatech.com/schema/dubbo/dubbo.xsd
        ">
    <dubbo:application name="client" />
    <dubbo:registry address="zookeeper://192.168.1.251:2183" />
    
  	<dubbo:reference  id="payInfoService" 
  	interface="com.edianniu.pscp.mis.service.dubbo.PayInfoService" 
  	timeout="120000" retries="1" version="1.0" check="false"/>	
  	<dubbo:reference  id="walletInfoService" 
  	interface="com.edianniu.pscp.mis.service.dubbo.WalletInfoService" 
  	timeout="120000" retries="1" version="1.0" check="false"/>	
  	<dubbo:reference  id="fileUploadService" 
  	interface="com.edianniu.pscp.mis.service.dubbo.FileUploadService" 
  	timeout="120000" retries="1" version="1.0" check="false"/>	
  	<dubbo:reference  id="areaInfoService" 
  	interface="com.edianniu.pscp.mis.service.dubbo.AreaInfoService" 
  	timeout="120000" retries="1" version="1.0" check="false"/>
  	<dubbo:reference  id="companyInfoService" 
  	interface="com.edianniu.pscp.mis.service.dubbo.CompanyInfoService" 
  	timeout="120000" retries="1" version="1.0" check="false"/>
  	<dubbo:reference  id="companyCustomerInfoService" 
  	interface="com.edianniu.pscp.mis.service.dubbo.CompanyCustomerInfoService" 
  	timeout="120000" retries="1" version="1.0" check="false"/>
  	<dubbo:reference  id="electricianInfoService" 
  	interface="com.edianniu.pscp.mis.service.dubbo.ElectricianInfoService" 
  	timeout="120000" retries="1" version="1.0" check="false"/>
  	<dubbo:reference  id="userInvitationInfoService" 
  	interface="com.edianniu.pscp.mis.service.dubbo.UserInvitationInfoService" 
  	timeout="120000" retries="1" version="1.0" check="false"/>
  	<dubbo:reference  id="renterInfoService" 
  	
</beans>